Drill report for LO_synth_ADF4351_module.kicad_pcb
Created on 2025-02-19T20:51:54+0100

Copper Layer Stackup:
    =============================================================
    L1 :  F.Cu                      front
    L2 :  In1.Cu                    in1
    L3 :  In2.Cu                    in2
    L4 :  B.Cu                      back


Drill file 'LO_synth_ADF4351_module-PTH.drl' contains
    plated through holes:
    =============================================================
    T1  0,300mm  0,0118"  (81 holes)
    T2  0,300mm  0,0118"  (6 holes)
    T3  0,400mm  0,0157"  (16 holes)
    T4  0,500mm  0,0197"  (154 holes)
    T5  0,600mm  0,0236"  (2 holes)
    T6  0,750mm  0,0295"  (174 holes)
    T7  1,000mm  0,0394"  (20 holes)
    T8  1,200mm  0,0472"  (1 hole)
    T9  1,700mm  0,0669"  (4 holes)
    T10  1,800mm  0,0709"  (2 holes)
    T11  3,200mm  0,1260"  (3 holes)

    Total plated holes count 463


Drill file 'LO_synth_ADF4351_module-NPTH.drl' contains
    unplated through holes:
    =============================================================

    Total unplated holes count 0
